ext-anichin/build/outputs/mapping/release/seeds.txt
com.azhua.ext.anichin.parser.EpisodeParser
com.azhua.ext.anichin.AnichinSource
com.azhua.ext.anichin.parser.EpisodeParser$parseEpisodeList$$inlined$sortedBy$1
com.azhua.ext.anichin.parser.VideoStreamParser$Companion
com.azhua.ext.anichin.parser.AnimeListParser
com.azhua.ext.anichin.parser.VideoStreamParser
com.azhua.ext.anichin.network.AnichinClient$Companion
com.azhua.ext.anichin.network.AnichinClient
com.azhua.ext.anichin.parser.AnimeDetailParser
com.azhua.ext.anichin.AnichinSource: com.azhua.ext.anichin.parser.VideoStreamParser videoParser
com.azhua.ext.anichin.parser.VideoStreamParser: java.util.regex.Pattern BASE64_PATTERN
com.azhua.ext.anichin.network.AnichinClient: java.lang.String USER_AGENT
com.azhua.ext.anichin.AnichinSource: java.lang.String id
com.azhua.ext.anichin.network.AnichinClient: com.azhua.ext.anichin.network.AnichinClient$Companion Companion
com.azhua.ext.anichin.AnichinSource: java.lang.String TAG
com.azhua.ext.anichin.AnichinSource: java.lang.String name
com.azhua.ext.anichin.AnichinSource: com.azhua.ext.anichin.parser.EpisodeParser episodeParser
com.azhua.ext.anichin.AnichinSource: java.lang.String language
com.azhua.ext.anichin.parser.EpisodeParser: com.azhua.ext.anichin.network.AnichinClient client
com.azhua.ext.anichin.AnichinSource: java.lang.String baseUrl
com.azhua.ext.anichin.AnichinSource: com.azhua.ext.anichin.network.AnichinClient client
com.azhua.ext.anichin.parser.AnimeDetailParser: com.azhua.ext.anichin.network.AnichinClient client
com.azhua.ext.anichin.AnichinSource: com.azhua.ext.anichin.parser.AnimeListParser listParser
com.azhua.ext.anichin.parser.VideoStreamParser: java.util.regex.Pattern EVAL_PATTERN
com.azhua.ext.anichin.parser.VideoStreamParser: com.azhua.ext.anichin.network.AnichinClient client
com.azhua.ext.anichin.network.AnichinClient: java.lang.String BASE_URL
com.azhua.ext.anichin.parser.VideoStreamParser: java.util.regex.Pattern M3U8_PATTERN
com.azhua.ext.anichin.AnichinSource: com.azhua.ext.anichin.parser.AnimeDetailParser detailParser
com.azhua.ext.anichin.parser.AnimeListParser: com.azhua.ext.anichin.network.AnichinClient client
com.azhua.ext.anichin.network.AnichinClient: okhttp3.OkHttpClient client
com.azhua.ext.anichin.AnichinSource: com.azhua.ext.anichin.AnichinSource$Companion Companion
com.azhua.ext.anichin.network.AnichinClient: long TIMEOUT_SECONDS
com.azhua.ext.anichin.parser.VideoStreamParser: java.util.regex.Pattern MP4_PATTERN
com.azhua.ext.anichin.AnichinSource: java.lang.String version
com.azhua.ext.anichin.parser.VideoStreamParser: com.azhua.ext.anichin.parser.VideoStreamParser$Companion Companion
com.azhua.ext.anichin.parser.EpisodeParser: com.azhua.core.contracts.models.Episode parseEpisodeItem(org.jsoup.nodes.Element,int)
com.azhua.ext.anichin.AnichinSource: java.lang.Object getVideoStreams(java.lang.String,kotlin.coroutines.Continuation)
com.azhua.ext.anichin.parser.EpisodeParser: long parseDuration(java.lang.String)
com.azhua.ext.anichin.AnichinSource: java.lang.Object getLatestAnime(int,kotlin.coroutines.Continuation)
com.azhua.ext.anichin.parser.EpisodeParser$parseEpisodeList$$inlined$sortedBy$1: EpisodeParser$parseEpisodeList$$inlined$sortedBy$1()
com.azhua.ext.anichin.parser.AnimeListParser: com.azhua.core.contracts.models.Anime parseAnimeItem(org.jsoup.nodes.Element)
com.azhua.ext.anichin.parser.EpisodeParser: int getTotalEpisodes(org.jsoup.nodes.Document)
com.azhua.ext.anichin.AnichinSource: java.lang.String getBaseUrl()
com.azhua.ext.anichin.parser.AnimeDetailParser: AnimeDetailParser(com.azhua.ext.anichin.network.AnichinClient)
com.azhua.ext.anichin.parser.EpisodeParser: java.util.List parseEpisodeList(org.jsoup.nodes.Document,java.lang.String)
com.azhua.ext.anichin.network.AnichinClient$Companion: AnichinClient$Companion(kotlin.jvm.internal.DefaultConstructorMarker)
com.azhua.ext.anichin.AnichinSource: java.lang.Object getAnimeDetails(java.lang.String,kotlin.coroutines.Continuation)
...
org.jsoup.Connection$Request: org.jsoup.Connection$Request postDataCharset(java.lang.String)
org.jsoup.parser.TokenQueue: java.lang.String chompBalanced(char,char)
kotlin.collections.ArraysKt___ArraysKt: java.lang.Object minOfWith(short[],java.util.Comparator,kotlin.jvm.functions.Function1)
kotlin.collections.unsigned.UArraysKt___UArraysKt: kotlin.UByte maxByOrNull-JOV_ifY(byte[],kotlin.jvm.functions.Function1)
kotlin.jvm.internal.ReflectionFactory: kotlin.reflect.KTypeParameter typeParameter(java.lang.Object,java.lang.String,kotlin.reflect.KVariance,boolean)
kotlin.UnsignedKt: float uintToFloat(int)
kotlin.collections.ArraysKt___ArraysJvmKt: byte[] copyInto$default(byte[],byte[],int,int,int,int,java.lang.Object)
kotlin.collections.ArraysKt___ArraysJvmKt$asList$7: boolean contains(boolean)
okhttp3.internal.http2.Http2Stream: void receiveData(okio.BufferedSource,int)
okhttp3.ResponseBody$Companion: okhttp3.ResponseBody create(okio.BufferedSource,okhttp3.MediaType,long)
kotlin.io.encoding.Base64Kt: int[] access$getBase64DecodeMap$p()
kotlin.ranges.RangesKt___RangesKt: kotlin.ranges.IntProgression reversed(kotlin.ranges.IntProgression)
org.jsoup.nodes.Attributes$Dataset$EntrySet: java.util.Iterator iterator()
org.jsoup.safety.Cleaner$CleaningVisitor: Cleaner$CleaningVisitor(org.jsoup.safety.Cleaner,org.jsoup.nodes.Element,org.jsoup.nodes.Element,org.jsoup.safety.Cleaner$1)
kotlin.NumbersKt__FloorDivModKt: long mod(int,long)
okhttp3.OkHttpClient: okhttp3.EventListener$Factory eventListenerFactory()
org.jsoup.helper.HttpConnection$Base: org.jsoup.Connection$Base header(java.lang.String,java.lang.String)
kotlin.text.MatchResult$Destructured: java.lang.String component6()
kotlin.io.encoding.DecodeInputStream: int read(byte[],int,int)
kotlin.comparisons.ComparisonsKt__ComparisonsKt: java.util.Comparator nullsLast()
kotlin.sequences.SequencesKt___SequencesJvmKt$filterIsInstance$1: SequencesKt___SequencesJvmKt$filterIsInstance$1(java.lang.Class)
kotlin.collections.CollectionsKt___CollectionsKt: java.util.Collection filterIndexedTo(java.lang.Iterable,java.util.Collection,kotlin.jvm.functions.Function2)
okhttp3.internal.Util: java.util.concurrent.ThreadFactory threadFactory(java.lang.String,boolean)
okhttp3.OkHttpClient: boolean followRedirects()
okhttp3.internal.connection.Exchange: okhttp3.internal.ws.RealWebSocket$Streams newWebSocketStreams()
kotlin.collections.unsigned.UArraysKt___UArraysKt: java.util.Collection flatMapIndexedTo--6EtJGI(int[],java.util.Collection,kotlin.jvm.functions.Function2)
kotlin.jvm.internal.LongSpreadBuilder: long[] toArray()
okhttp3.OkHttpClient$Builder: void setRetryOnConnectionFailure$okhttp(boolean)
org.jsoup.select.Evaluator$CssNthEvaluator: Evaluator$CssNthEvaluator(int,int)
okhttp3.internal.tls.BasicCertificateChainCleaner: BasicCertificateChainCleaner(okhttp3.internal.tls.TrustRootIndex)
kotlin.reflect.ParameterizedTypeImpl: java.lang.reflect.Type getOwnerType()
kotlin.time.Duration: void getInDays$annotations()
kotlin.jvm.internal.FloatCompanionObject: void getMIN_VALUE$annotations()
kotlin.text.StringsKt__StringsJVMKt: java.lang.String lowercase(java.lang.String)
kotlin.collections.ArrayAsCollection: java.lang.Object[] toArray(java.lang.Object[])
org.jsoup.nodes.Element: org.jsoup.nodes.Element after(org.jsoup.nodes.Node)
kotlin.collections.builders.MapBuilder$Companion: kotlin.collections.builders.MapBuilder getEmpty$kotlin_stdlib()
kotlin.collections.ArraysKt___ArraysKt: java.util.List filterIndexed(byte[],kotlin.jvm.functions.Function2)
okhttp3.Handshake$Companion: okhttp3.Handshake -deprecated_get(javax.net.ssl.SSLSession)
org.jsoup.Connection: org.jsoup.Connection timeout(int)
kotlin.collections.ArraysKt___ArraysJvmKt: boolean[] plus(boolean[],boolean[])
okio.ByteString$Companion: okio.ByteString -deprecated_of(byte[],int,int)
kotlin.collections.unsigned.UArraysKt___UArraysKt: java.lang.Object minOfWithOrNull-l8EHGbQ(short[],java.util.Comparator,kotlin.jvm.functions.Function1)