ext-anichin/build/outputs/mapping/release/usage.txt
com.azhua.ext.anichin.R
com.azhua.ext.anichin.AnichinSource$getAnimeByGenre$2:
    public int label
    public final java.lang.Object invoke$1()
com.azhua.ext.anichin.AnichinSource$getAnimeDetails$2:
    public int label
    public final java.lang.Object invoke$1()
com.azhua.ext.anichin.AnichinSource$getCompletedAnime$2:
    public int label
    public final java.lang.Object invoke$1()
com.azhua.ext.anichin.AnichinSource$getEpisodes$2:
    public int label
    public final java.lang.Object invoke$1()
com.azhua.ext.anichin.AnichinSource$getGenres$2:
    public int label
    public final java.lang.Object invoke$1()
com.azhua.ext.anichin.AnichinSource$getLatestAnime$2:
    public int label
    public final java.lang.Object invoke$1()
com.azhua.ext.anichin.AnichinSource$getPopularAnime$2:
    public int label
    public final java.lang.Object invoke$1()
com.azhua.ext.anichin.AnichinSource$getUpcomingAnime$2:
    public int label
    public final java.lang.Object invoke$1()
com.azhua.ext.anichin.AnichinSource$getVideoStreams$2:
    public int label
    public final java.lang.Object invoke$1()
com.azhua.ext.anichin.AnichinSource$searchAnime$2:
    public int label
    public final java.lang.Object invoke$1()
...
kotlinx.coroutines.JobSupport$$InternalSyntheticBackportWithForwarding$1$ac2b2c5fff4931f83d305b9eae812c81f4b23cd7d952a929382fdeb1a2a79186$0
kotlinx.coroutines.JobSupport$$InternalSyntheticBackportWithForwarding$1$ac2b2c5fff4931f83d305b9eae812c81f4b23cd7d952a929382fdeb1a2a79186$1
kotlinx.coroutines.JobSupport$$InternalSyntheticBackportWithForwarding$1$edaa32ce27920ec32ff3627d40606b835a8847be10c55444ffbcc98b7952f713$0
kotlinx.coroutines.JobSupport$$InternalSyntheticBackportWithForwarding$2$027421eb3368438ff16efc627142385964a9ca3f03b8b2af3d21282e5cddf677$0
kotlinx.coroutines.JobSupport$$InternalSyntheticBackportWithForwarding$2$682f8045bf69ea37ed7a3640fc53ec11eddec95f22a21454c646b5130b97e3e7$0
kotlinx.coroutines.JobSupport$$InternalSyntheticBackportWithForwarding$2$c5f033a7fe5b3d3464c362ddaa3fd97cbeb2753a28ed05e9bbd8491e6c1ebadf$0
kotlinx.coroutines.JobSupport$Finishing:
    public static java.util.ArrayList allocateList()
    public static java.lang.Object getExceptionsHolder()
    public final boolean isCompleting()
    public final boolean isSealed()
    public static void setCompleting()
    public final void setExceptionsHolder(java.lang.Object)
    public static void setRootCause()
kotlinx.coroutines.JobSupport$addLastAtomic$$inlined$addLastIf$1:
    public static void complete()
    public static java.lang.Object prepare()
kotlinx.coroutines.JobSupport:
    public static void addSuppressedExceptions()
    public final kotlinx.coroutines.ChildHandle attachChild()
    public final void cancel()
    public static void cancelInternal()
    public static java.lang.Object cancelMakeCompleting()
    public final boolean childCancelled(java.lang.Throwable)
    public static void continueCompleting()
    public static kotlinx.coroutines.ChildHandleNode firstChild()
    public final java.util.concurrent.CancellationException getChildJobCancellationCause()
    public static java.lang.Throwable getExceptionOrNull()
    public static java.lang.Throwable getFinalRootCause()
    public static boolean getHandlesException$kotlinx_coroutines_core()
    public static boolean getOnCancelComplete$kotlinx_coroutines_core()
    public final kotlinx.coroutines.ChildHandle getParentHandle$kotlinx_coroutines_core()
    public static boolean handleJobException()
    public static void initParentJob()
    public final kotlinx.coroutines.DisposableHandle invokeOnCompletion()
    public static boolean isCompleted$1()
    public static java.lang.Object makeCancelling()
    public static kotlinx.coroutines.JobNode makeNode()
    public static void notifyCompletion()
    public static void onCancelling()
    public static void onStart()
    public final void parentCancelled()
    public static void promoteEmptyToNodeList()
    public static void removeNode$kotlinx_coroutines_core()
kotlinx.coroutines.JobSupportKt:
    public static final kotlinx.coroutines.Empty EMPTY_NEW
    public static final synthetic kotlinx.coroutines.internal.Symbol access$getCOMPLETING_ALREADY$p()
    public static final synthetic kotlinx.coroutines.internal.Symbol access$getCOMPLETING_RETRY$p()
    public static final synthetic kotlinx.coroutines.Empty access$getEMPTY_ACTIVE$p()
    public static final synthetic kotlinx.coroutines.Empty access$getEMPTY_NEW$p()
    public static final synthetic kotlinx.coroutines.internal.Symbol access$getSEALED$p()
    public static final synthetic kotlinx.coroutines.internal.Symbol access$getTOO_LATE_TO_CANCEL$p()
    public static final java.lang.Object boxIncomplete(java.lang.Object)
    public static final java.lang.Object unboxState(java.lang.Object)
kotlinx.coroutines.MainCoroutineDispatcher:
    public abstract kotlinx.coroutines.MainCoroutineDispatcher getImmediate()
    public abstract java.lang.String toStringInternalImpl()
kotlinx.coroutines.NodeList:
    public static java.lang.String getString()
kotlinx.coroutines.ParentJob:
    public abstract java.util.concurrent.CancellationException getChildJobCancellationCause()